<?xml version="1.0" encoding="UTF-8"?>
<testsuite name="com.BLPrograms.IndianStateCensusTest" tests="1" skipped="0" failures="0" errors="0" timestamp="2021-08-09T12:00:47" hostname="DESKTOP-KLF40L0" time="0.157">
  <properties/>
  <testcase name="givenWrongFileExtention_ShouldReturnWrongCodeFileType()" classname="com.BLPrograms.IndianStateCensusTest" time="0.157"/>
  <system-out><![CDATA[]]></system-out>
  <system-err><![CDATA[]]></system-err>
</testsuite>
